<?xml version="1.0" encoding="UTF-8"?>
<testng-results skipped="0" failed="0" ignored="0" total="1" passed="1">
  <reporter-output>
  </reporter-output>
  <suite name="Default suite" duration-ms="23609" started-at="2021-09-03T13:07:02 IST" finished-at="2021-09-03T13:07:26 IST">
    <groups>
    </groups>
    <test name="Default test" duration-ms="23609" started-at="2021-09-03T13:07:02 IST" finished-at="2021-09-03T13:07:26 IST">
      <class name="seleniumwebdriver.Gmail">
        <test-method status="PASS" signature="testapp()[pri:0, instance:seleniumwebdriver.Gmail@710726a3]" name="testapp" duration-ms="17701" started-at="2021-09-03T13:07:02 IST" finished-at="2021-09-03T13:07:20 IST">
          <reporter-output>
          </reporter-output>
        </test-method> <!-- testapp -->
        <test-method status="PASS" signature="app()[pri:0, instance:seleniumwebdriver.Gmail@710726a3]" name="app" is-config="true" duration-ms="5873" started-at="2021-09-03T13:07:20 IST" finished-at="2021-09-03T13:07:26 IST">
          <reporter-output>
          </reporter-output>
        </test-method> <!-- app -->
      </class> <!-- seleniumwebdriver.Gmail -->
    </test> <!-- Default test -->
  </suite> <!-- Default suite -->
</testng-results>
